<?xml version="1.0" encoding="UTF-8"?>
<testsuite name="RandomPatternTest" tests="2" skipped="0" failures="0" errors="0" timestamp="2022-04-27T01:57:52" hostname="DESKTOP-F0J8AC6" time="0.006">
  <properties/>
  <testcase name="testaddRandomNumber" classname="RandomPatternTest" time="0.0"/>
  <testcase name="testPatternSequence" classname="RandomPatternTest" time="0.006"/>
  <system-out><![CDATA[]]></system-out>
  <system-err><![CDATA[]]></system-err>
</testsuite>
