<?xml version="1.0" encoding="UTF-8"?>
<testsuite name="simonSays.AppTest" tests="1" skipped="0" failures="0" errors="0" timestamp="2022-04-27T01:57:52" hostname="DESKTOP-F0J8AC6" time="0.0">
  <properties/>
  <testcase name="appHasAGreeting" classname="simonSays.AppTest" time="0.0"/>
  <system-out><![CDATA[]]></system-out>
  <system-err><![CDATA[]]></system-err>
</testsuite>
