<?xml version="1.0" encoding="UTF-8"?>
<testsuite name="SquarePatternTest" tests="2" skipped="0" failures="0" errors="0" timestamp="2022-04-27T01:57:52" hostname="DESKTOP-F0J8AC6" time="0.0">
  <properties/>
  <testcase name="testaddSquare" classname="SquarePatternTest" time="0.0"/>
  <testcase name="testSquareInPattern" classname="SquarePatternTest" time="0.0"/>
  <system-out><![CDATA[adding Square to pattern
Setting light speed
Setting light speed
adding Square to pattern
adding Square to pattern
Get the light speed
Get the light speed
]]></system-out>
  <system-err><![CDATA[]]></system-err>
</testsuite>
